I1001 13:01:51.692919 13932 caffe.cpp:217] Using GPUs 1
I1001 13:01:51.717077 13932 caffe.cpp:222] GPU 1: Tesla K40c
I1001 13:01:52.023558 13932 solver.cpp:48] Initializing solver from parameters: 
train_net: "proto.prototxt"
base_lr: 0.0003
display: 1
max_iter: 100000
lr_policy: "inv"
gamma: 1e-05
power: 0.75
momentum: 0
weight_decay: 0.001
snapshot: 250
snapshot_prefix: "vgg16b"
solver_mode: GPU
device_id: 1
train_state {
  level: 0
  stage: ""
}
iter_size: 4
snapshot_format: HDF5
rms_decay: 0.9
type: "RMSProp"
I1001 13:01:52.023865 13932 solver.cpp:81] Creating training net from train_net file: proto.prototxt
F1001 13:01:52.023897 13932 io.cpp:36] Check failed: fd != -1 (-1 vs. -1) File not found: proto.prototxt
*** Check failure stack trace: ***
    @     0x7f4e1492f4ad  google::LogMessage::Fail()
    @     0x7f4e1493132f  google::LogMessage::SendToLog()
    @     0x7f4e1492f043  google::LogMessage::Flush()
    @     0x7f4e14931c4e  google::LogMessageFatal::~LogMessageFatal()
    @     0x7f4e1a08a15d  caffe::ReadProtoFromTextFile()
    @     0x7f4e1a09c704  caffe::ReadNetParamsFromTextFileOrDie()
    @     0x7f4e1a0748ba  caffe::Solver<>::InitTrainNet()
    @     0x7f4e1a074d5c  caffe::Solver<>::Init()
    @     0x7f4e1a07506a  caffe::Solver<>::Solver()
    @     0x7f4e1a1c0066  caffe::Creator_RMSPropSolver<>()
    @           0x410587  caffe::SolverRegistry<>::CreateSolver()
    @           0x40b1af  train()
    @           0x40f05c  main
    @       0x3e3521ed5d  (unknown)
    @           0x409051  (unknown)
./runCaffe.sh: line 1: 13932 Aborted                 caffe train -gpu 1 -solver ConfFiles/solver.prototxt

real	0m0.547s
user	0m0.632s
sys	0m2.857s
I1001 13:02:30.510010 13988 caffe.cpp:217] Using GPUs 1
I1001 13:02:30.522327 13988 caffe.cpp:222] GPU 1: Tesla K40c
I1001 13:02:30.812815 13988 solver.cpp:48] Initializing solver from parameters: 
train_net: "ConfFiles/proto.prototxt"
base_lr: 0.0003
display: 1
max_iter: 100000
lr_policy: "inv"
gamma: 1e-05
power: 0.75
momentum: 0
weight_decay: 0.001
snapshot: 250
snapshot_prefix: "vgg16b"
solver_mode: GPU
device_id: 1
train_state {
  level: 0
  stage: ""
}
iter_size: 4
snapshot_format: HDF5
rms_decay: 0.9
type: "RMSProp"
I1001 13:02:30.813123 13988 solver.cpp:81] Creating training net from train_net file: ConfFiles/proto.prototxt
I1001 13:02:30.814169 13988 net.cpp:58] Initializing net from parameters: 
name: "VGG16b"
state {
  phase: TRAIN
  level: 0
  stage: ""
}
layer {
  name: "data"
  type: "ROOTData"
  top: "data"
  top: "label"
  root_data_param {
    batch_size: 40
    filler_config: "ConfFiles/train.cfg"
    filler_name: "DataFiller"
  }
}
layer {
  name: "conv1_1"
  type: "Convolution"
  bottom: "data"
  top: "conv1_1"
  param {
    lr_mult: 1
    decay_mult: 1
  }
  param {
    lr_mult: 2
    decay_mult: 0
  }
  convolution_param {
    num_output: 64
    pad: 1
    kernel_size: 3
    stride: 2
    weight_filler {
      type: "msra"
    }
  }
}
layer {
  name: "relu1_1"
  type: "ReLU"
  bottom: "conv1_1"
  top: "conv1_1"
}
layer {
  name: "conv1_2"
  type: "Convolution"
  bottom: "conv1_1"
  top: "conv1_2"
  param {
    lr_mult: 1
    decay_mult: 1
  }
  param {
    lr_mult: 2
    decay_mult: 0
  }
  convolution_param {
    num_output: 64
    pad: 1
    kernel_size: 3
    stride: 1
    weight_filler {
      type: "msra"
    }
  }
}
layer {
  name: "relu1_2"
  type: "ReLU"
  bottom: "conv1_2"
  top: "conv1_2"
}
layer {
  name: "pool1"
  type: "Pooling"
  bottom: "conv1_2"
  top: "pool1"
  pooling_param {
    pool: MAX
    kernel_size: 2
    stride: 2
  }
}
layer {
  name: "conv2_1"
  type: "Convolution"
  bottom: "pool1"
  top: "conv2_1"
  param {
    lr_mult: 1
    decay_mult: 1
  }
  param {
    lr_mult: 2
    decay_mult: 0
  }
  convolution_param {
    num_output: 128
    pad: 1
    kernel_size: 3
    weight_filler {
      type: "msra"
    }
  }
}
layer {
  name: "relu2_1"
  type: "ReLU"
  bottom: "conv2_1"
  top: "conv2_1"
}
layer {
  name: "conv2_2"
  type: "Convolution"
  bottom: "conv2_1"
  top: "conv2_2"
  param {
    lr_mult: 1
    decay_mult: 1
  }
  param {
    lr_mult: 2
    decay_mult: 0
  }
  convolution_param {
    num_output: 128
    pad: 1
    kernel_size: 3
    weight_filler {
      type: "msra"
    }
  }
}
layer {
  name: "relu2_2"
  type: "ReLU"
  bottom: "conv2_2"
  top: "conv2_2"
}
layer {
  name: "pool2"
  type: "Pooling"
  bottom: "conv2_2"
  top: "pool2"
  pooling_param {
    pool: MAX
    kernel_size: 2
    stride: 2
  }
}
layer {
  name: "conv3_1"
  type: "Convolution"
  bottom: "pool2"
  top: "conv3_1"
  param {
    lr_mult: 1
    decay_mult: 1
  }
  param {
    lr_mult: 2
    decay_mult: 0
  }
  convolution_param {
    num_output: 256
    pad: 1
    kernel_size: 3
    weight_filler {
      type: "msra"
    }
  }
}
layer {
  name: "relu3_1"
  type: "ReLU"
  bottom: "conv3_1"
  top: "conv3_1"
}
layer {
  name: "conv3_2"
  type: "Convolution"
  bottom: "conv3_1"
  top: "conv3_2"
  param {
    lr_mult: 1
    decay_mult: 1
  }
  param {
    lr_mult: 2
    decay_mult: 0
  }
  convolution_param {
    num_output: 256
    pad: 1
    kernel_size: 3
    weight_filler {
      type: "msra"
    }
  }
}
layer {
  name: "relu3_2"
  type: "ReLU"
  bottom: "conv3_2"
  top: "conv3_2"
}
layer {
  name: "conv3_3"
  type: "Convolution"
  bottom: "conv3_2"
  top: "conv3_3"
  param {
    lr_mult: 1
    decay_mult: 1
  }
  param {
    lr_mult: 2
    decay_mult: 0
  }
  convolution_param {
    num_output: 256
    pad: 1
    kernel_size: 3
    weight_filler {
      type: "msra"
    }
  }
}
layer {
  name: "relu3_3"
  type: "ReLU"
  bottom: "conv3_3"
  top: "conv3_3"
}
layer {
  name: "pool3"
  type: "Pooling"
  bottom: "conv3_3"
  top: "pool3"
  pooling_param {
    pool: MAX
    kernel_size: 2
    stride: 2
  }
}
layer {
  name: "conv4_1"
  type: "Convolution"
  bottom: "pool3"
  top: "conv4_1"
  param {
    lr_mult: 1
    decay_mult: 1
  }
  param {
    lr_mult: 2
    decay_mult: 0
  }
  convolution_param {
    num_output: 512
    pad: 1
    kernel_size: 3
    weight_filler {
      type: "msra"
    }
  }
}
layer {
  name: "relu4_1"
  type: "ReLU"
  bottom: "conv4_1"
  top: "conv4_1"
}
layer {
  name: "conv4_2"
  type: "Convolution"
  bottom: "conv4_1"
  top: "conv4_2"
  param {
    lr_mult: 1
    decay_mult: 1
  }
  param {
    lr_mult: 2
    decay_mult: 0
  }
  convolution_param {
    num_output: 512
    pad: 1
    kernel_size: 3
    weight_filler {
      type: "msra"
    }
  }
}
layer {
  name: "relu4_2"
  type: "ReLU"
  bottom: "conv4_2"
  top: "conv4_2"
}
layer {
  name: "conv4_3"
  type: "Convolution"
  bottom: "conv4_2"
  top: "conv4_3"
  param {
    lr_mult: 1
    decay_mult: 1
  }
  param {
    lr_mult: 2
    decay_mult: 0
  }
  convolution_param {
    num_output: 512
    pad: 1
    kernel_size: 3
    weight_filler {
      type: "msra"
    }
  }
}
layer {
  name: "relu4_3"
  type: "ReLU"
  bottom: "conv4_3"
  top: "conv4_3"
}
layer {
  name: "pool4"
  type: "Pooling"
  bottom: "conv4_3"
  top: "pool4"
  pooling_param {
    pool: MAX
    kernel_size: 2
    stride: 2
  }
}
layer {
  name: "conv5_1"
  type: "Convolution"
  bottom: "pool4"
  top: "conv5_1"
  param {
    lr_mult: 1
    decay_mult: 1
  }
  param {
    lr_mult: 2
    decay_mult: 0
  }
  convolution_param {
    num_output: 512
    pad: 1
    kernel_size: 3
    weight_filler {
      type: "msra"
    }
  }
}
layer {
  name: "relu5_1"
  type: "ReLU"
  bottom: "conv5_1"
  top: "conv5_1"
}
layer {
  name: "conv5_2"
  type: "Convolution"
  bottom: "conv5_1"
  top: "conv5_2"
  param {
    lr_mult: 1
    decay_mult: 1
  }
  param {
    lr_mult: 2
    decay_mult: 0
  }
  convolution_param {
    num_output: 512
    pad: 1
    kernel_size: 3
    weight_filler {
      type: "msra"
    }
  }
}
layer {
  name: "relu5_2"
  type: "ReLU"
  bottom: "conv5_2"
  top: "conv5_2"
}
layer {
  name: "conv5_3"
  type: "Convolution"
  bottom: "conv5_2"
  top: "conv5_3"
  param {
    lr_mult: 1
    decay_mult: 1
  }
  param {
    lr_mult: 2
    decay_mult: 0
  }
  convolution_param {
    num_output: 512
    pad: 1
    kernel_size: 3
    weight_filler {
      type: "msra"
    }
  }
}
layer {
  name: "relu5_3"
  type: "ReLU"
  bottom: "conv5_3"
  top: "conv5_3"
}
layer {
  name: "pool5"
  type: "Pooling"
  bottom: "conv5_3"
  top: "pool5"
  pooling_param {
    pool: MAX
    kernel_size: 2
    stride: 2
  }
}
layer {
  name: "fc6"
  type: "InnerProduct"
  bottom: "pool5"
  top: "fc6"
  param {
    lr_mult: 1
    decay_mult: 1
  }
  param {
    lr_mult: 2
    decay_mult: 0
  }
  inner_product_param {
    num_output: 5
    weight_filler {
      type: "msra"
    }
  }
}
layer {
  name: "acc"
  type: "Accuracy"
  bottom: "fc6"
  bottom: "label"
  top: "acc"
}
layer {
  name: "loss"
  type: "SoftmaxWithLoss"
  bottom: "fc6"
  bottom: "label"
  top: "loss"
}
I1001 13:02:30.814404 13988 layer_factory.hpp:77] Creating layer data
I1001 13:02:30.814432 13988 net.cpp:100] Creating Layer data
I1001 13:02:30.814442 13988 net.cpp:408] data -> data
I1001 13:02:30.814482 13988 net.cpp:408] data -> label
[93m setting verbosity [00m2
    [95m[NORMAL][00m [0m [94m<DataFillerProcessDriver::configure>[00m Instantiating Process ID=0 Type: SimpleFiller w/ Name: SimpleFiller
Error in <TCling::RegisterModule>: cannot find dictionary module PMTWeightsDict_rdict.pcm
Error in <TCling::RegisterModule>: cannot find dictionary module ImageAnaDict_rdict.pcm
Error in <TCling::RegisterModule>: cannot find dictionary module UBWireToolDict_rdict.pcm
Error in <TCling::RegisterModule>: cannot find dictionary module dbscanDict_rdict.pcm
Error in <TCling::RegisterModule>: cannot find dictionary module FilterDict_rdict.pcm
Error in <TCling::RegisterModule>: cannot find dictionary module DataFormatDict_rdict.pcm
Error in <TCling::RegisterModule>: cannot find dictionary module VertexImgDict_rdict.pcm
Error in <TCling::RegisterModule>: cannot find dictionary module CPPUtilDict_rdict.pcm
Error in <TCling::RegisterModule>: cannot find dictionary module MergerDict_rdict.pcm
Error in <TCling::RegisterModule>: cannot find dictionary module ImageModDict_rdict.pcm
Error in <TCling::RegisterModule>: cannot find dictionary module BaseDict_rdict.pcm
Error in <TCling::RegisterModule>: cannot find dictionary module APICaffeDict_rdict.pcm
Error in <TCling::RegisterModule>: cannot find dictionary module ANNDict_rdict.pcm
Error in <TCling::RegisterModule>: cannot find dictionary module PyUtilDict_rdict.pcm
Error in <TCling::RegisterModule>: cannot find dictionary module ProcessorDict_rdict.pcm
    [95m[NORMAL][00m [0m [94m<DataFillerIOManager::prepare_input>[00m Opening a file in READ mode: /hepgpu1-data2/hewes/for_abigail/atmo.root
    [95m[NORMAL][00m [0m [94m<DataFillerIOManager::prepare_input>[00m Opening a file in READ mode: /hepgpu1-data2/hewes/for_abigail/nnbar.root
    [95m[NORMAL][00m [0m [94m<DataFillerIOManager::initialize>[00m Prepared input with 23459 entries...
I1001 13:02:33.178365 13988 heproot.cpp:20] Queuing data... (1 sec.)
I1001 13:02:33.460284 13988 net.cpp:150] Setting up data
I1001 13:02:33.460333 13988 net.cpp:157] Top shape: 40 1 600 600 (14400000)
I1001 13:02:33.460342 13988 net.cpp:157] Top shape: 40 (40)
I1001 13:02:33.460345 13988 net.cpp:165] Memory required for data: 57600160
I1001 13:02:33.460358 13988 layer_factory.hpp:77] Creating layer label_data_1_split
I1001 13:02:33.460376 13988 net.cpp:100] Creating Layer label_data_1_split
I1001 13:02:33.460386 13988 net.cpp:434] label_data_1_split <- label
I1001 13:02:33.460422 13988 net.cpp:408] label_data_1_split -> label_data_1_split_0
I1001 13:02:33.460440 13988 net.cpp:408] label_data_1_split -> label_data_1_split_1
I1001 13:02:33.460480 13988 net.cpp:150] Setting up label_data_1_split
I1001 13:02:33.460489 13988 net.cpp:157] Top shape: 40 (40)
I1001 13:02:33.460494 13988 net.cpp:157] Top shape: 40 (40)
I1001 13:02:33.460523 13988 net.cpp:165] Memory required for data: 57600480
I1001 13:02:33.460528 13988 layer_factory.hpp:77] Creating layer conv1_1
I1001 13:02:33.460562 13988 net.cpp:100] Creating Layer conv1_1
I1001 13:02:33.460568 13988 net.cpp:434] conv1_1 <- data
I1001 13:02:33.460575 13988 net.cpp:408] conv1_1 -> conv1_1
I1001 13:02:33.463045 13988 net.cpp:150] Setting up conv1_1
I1001 13:02:33.463058 13988 net.cpp:157] Top shape: 40 64 300 300 (230400000)
I1001 13:02:33.463063 13988 net.cpp:165] Memory required for data: 979200480
I1001 13:02:33.463093 13988 layer_factory.hpp:77] Creating layer relu1_1
I1001 13:02:33.463104 13988 net.cpp:100] Creating Layer relu1_1
I1001 13:02:33.463109 13988 net.cpp:434] relu1_1 <- conv1_1
I1001 13:02:33.463114 13988 net.cpp:395] relu1_1 -> conv1_1 (in-place)
I1001 13:02:33.463124 13988 net.cpp:150] Setting up relu1_1
I1001 13:02:33.463129 13988 net.cpp:157] Top shape: 40 64 300 300 (230400000)
I1001 13:02:33.463134 13988 net.cpp:165] Memory required for data: 1900800480
I1001 13:02:33.463138 13988 layer_factory.hpp:77] Creating layer conv1_2
I1001 13:02:33.463153 13988 net.cpp:100] Creating Layer conv1_2
I1001 13:02:33.463158 13988 net.cpp:434] conv1_2 <- conv1_1
I1001 13:02:33.463166 13988 net.cpp:408] conv1_2 -> conv1_2
I1001 13:02:33.464555 13988 net.cpp:150] Setting up conv1_2
I1001 13:02:33.464567 13988 net.cpp:157] Top shape: 40 64 300 300 (230400000)
I1001 13:02:33.464570 13988 net.cpp:165] Memory required for data: 2822400480
I1001 13:02:33.464579 13988 layer_factory.hpp:77] Creating layer relu1_2
I1001 13:02:33.464588 13988 net.cpp:100] Creating Layer relu1_2
I1001 13:02:33.464593 13988 net.cpp:434] relu1_2 <- conv1_2
I1001 13:02:33.464599 13988 net.cpp:395] relu1_2 -> conv1_2 (in-place)
I1001 13:02:33.464606 13988 net.cpp:150] Setting up relu1_2
I1001 13:02:33.464612 13988 net.cpp:157] Top shape: 40 64 300 300 (230400000)
I1001 13:02:33.464614 13988 net.cpp:165] Memory required for data: 3744000480
I1001 13:02:33.464617 13988 layer_factory.hpp:77] Creating layer pool1
I1001 13:02:33.464632 13988 net.cpp:100] Creating Layer pool1
I1001 13:02:33.464635 13988 net.cpp:434] pool1 <- conv1_2
I1001 13:02:33.464640 13988 net.cpp:408] pool1 -> pool1
I1001 13:02:33.464707 13988 net.cpp:150] Setting up pool1
I1001 13:02:33.464716 13988 net.cpp:157] Top shape: 40 64 150 150 (57600000)
I1001 13:02:33.464720 13988 net.cpp:165] Memory required for data: 3974400480
I1001 13:02:33.464722 13988 layer_factory.hpp:77] Creating layer conv2_1
I1001 13:02:33.464736 13988 net.cpp:100] Creating Layer conv2_1
I1001 13:02:33.464741 13988 net.cpp:434] conv2_1 <- pool1
I1001 13:02:33.464747 13988 net.cpp:408] conv2_1 -> conv2_1
I1001 13:02:33.465713 13988 net.cpp:150] Setting up conv2_1
I1001 13:02:33.465723 13988 net.cpp:157] Top shape: 40 128 150 150 (115200000)
I1001 13:02:33.465728 13988 net.cpp:165] Memory required for data: 4435200480
I1001 13:02:33.465739 13988 layer_factory.hpp:77] Creating layer relu2_1
I1001 13:02:33.465749 13988 net.cpp:100] Creating Layer relu2_1
I1001 13:02:33.465752 13988 net.cpp:434] relu2_1 <- conv2_1
I1001 13:02:33.465757 13988 net.cpp:395] relu2_1 -> conv2_1 (in-place)
I1001 13:02:33.465764 13988 net.cpp:150] Setting up relu2_1
I1001 13:02:33.465770 13988 net.cpp:157] Top shape: 40 128 150 150 (115200000)
I1001 13:02:33.465773 13988 net.cpp:165] Memory required for data: 4896000480
I1001 13:02:33.465776 13988 layer_factory.hpp:77] Creating layer conv2_2
I1001 13:02:33.465787 13988 net.cpp:100] Creating Layer conv2_2
I1001 13:02:33.465792 13988 net.cpp:434] conv2_2 <- conv2_1
I1001 13:02:33.465798 13988 net.cpp:408] conv2_2 -> conv2_2
I1001 13:02:33.468353 13988 net.cpp:150] Setting up conv2_2
I1001 13:02:33.468366 13988 net.cpp:157] Top shape: 40 128 150 150 (115200000)
I1001 13:02:33.468370 13988 net.cpp:165] Memory required for data: 5356800480
I1001 13:02:33.468377 13988 layer_factory.hpp:77] Creating layer relu2_2
I1001 13:02:33.468385 13988 net.cpp:100] Creating Layer relu2_2
I1001 13:02:33.468390 13988 net.cpp:434] relu2_2 <- conv2_2
I1001 13:02:33.468412 13988 net.cpp:395] relu2_2 -> conv2_2 (in-place)
I1001 13:02:33.468421 13988 net.cpp:150] Setting up relu2_2
I1001 13:02:33.468427 13988 net.cpp:157] Top shape: 40 128 150 150 (115200000)
I1001 13:02:33.468431 13988 net.cpp:165] Memory required for data: 5817600480
I1001 13:02:33.468435 13988 layer_factory.hpp:77] Creating layer pool2
I1001 13:02:33.468442 13988 net.cpp:100] Creating Layer pool2
I1001 13:02:33.468447 13988 net.cpp:434] pool2 <- conv2_2
I1001 13:02:33.468451 13988 net.cpp:408] pool2 -> pool2
I1001 13:02:33.468487 13988 net.cpp:150] Setting up pool2
I1001 13:02:33.468498 13988 net.cpp:157] Top shape: 40 128 75 75 (28800000)
I1001 13:02:33.468502 13988 net.cpp:165] Memory required for data: 5932800480
I1001 13:02:33.468508 13988 layer_factory.hpp:77] Creating layer conv3_1
I1001 13:02:33.468518 13988 net.cpp:100] Creating Layer conv3_1
I1001 13:02:33.468523 13988 net.cpp:434] conv3_1 <- pool2
I1001 13:02:33.468531 13988 net.cpp:408] conv3_1 -> conv3_1
I1001 13:02:33.473311 13988 net.cpp:150] Setting up conv3_1
I1001 13:02:33.473323 13988 net.cpp:157] Top shape: 40 256 75 75 (57600000)
I1001 13:02:33.473327 13988 net.cpp:165] Memory required for data: 6163200480
I1001 13:02:33.473340 13988 layer_factory.hpp:77] Creating layer relu3_1
I1001 13:02:33.473348 13988 net.cpp:100] Creating Layer relu3_1
I1001 13:02:33.473352 13988 net.cpp:434] relu3_1 <- conv3_1
I1001 13:02:33.473357 13988 net.cpp:395] relu3_1 -> conv3_1 (in-place)
I1001 13:02:33.473364 13988 net.cpp:150] Setting up relu3_1
I1001 13:02:33.473371 13988 net.cpp:157] Top shape: 40 256 75 75 (57600000)
I1001 13:02:33.473373 13988 net.cpp:165] Memory required for data: 6393600480
I1001 13:02:33.473376 13988 layer_factory.hpp:77] Creating layer conv3_2
I1001 13:02:33.473387 13988 net.cpp:100] Creating Layer conv3_2
I1001 13:02:33.473392 13988 net.cpp:434] conv3_2 <- conv3_1
I1001 13:02:33.473397 13988 net.cpp:408] conv3_2 -> conv3_2
I1001 13:02:33.481843 13988 net.cpp:150] Setting up conv3_2
I1001 13:02:33.481855 13988 net.cpp:157] Top shape: 40 256 75 75 (57600000)
I1001 13:02:33.481859 13988 net.cpp:165] Memory required for data: 6624000480
I1001 13:02:33.481866 13988 layer_factory.hpp:77] Creating layer relu3_2
I1001 13:02:33.481873 13988 net.cpp:100] Creating Layer relu3_2
I1001 13:02:33.481876 13988 net.cpp:434] relu3_2 <- conv3_2
I1001 13:02:33.481884 13988 net.cpp:395] relu3_2 -> conv3_2 (in-place)
I1001 13:02:33.481891 13988 net.cpp:150] Setting up relu3_2
I1001 13:02:33.481897 13988 net.cpp:157] Top shape: 40 256 75 75 (57600000)
I1001 13:02:33.481900 13988 net.cpp:165] Memory required for data: 6854400480
I1001 13:02:33.481905 13988 layer_factory.hpp:77] Creating layer conv3_3
I1001 13:02:33.481919 13988 net.cpp:100] Creating Layer conv3_3
I1001 13:02:33.481923 13988 net.cpp:434] conv3_3 <- conv3_2
I1001 13:02:33.481930 13988 net.cpp:408] conv3_3 -> conv3_3
I1001 13:02:33.490357 13988 net.cpp:150] Setting up conv3_3
I1001 13:02:33.490370 13988 net.cpp:157] Top shape: 40 256 75 75 (57600000)
I1001 13:02:33.490373 13988 net.cpp:165] Memory required for data: 7084800480
I1001 13:02:33.490381 13988 layer_factory.hpp:77] Creating layer relu3_3
I1001 13:02:33.490386 13988 net.cpp:100] Creating Layer relu3_3
I1001 13:02:33.490391 13988 net.cpp:434] relu3_3 <- conv3_3
I1001 13:02:33.490396 13988 net.cpp:395] relu3_3 -> conv3_3 (in-place)
I1001 13:02:33.490402 13988 net.cpp:150] Setting up relu3_3
I1001 13:02:33.490411 13988 net.cpp:157] Top shape: 40 256 75 75 (57600000)
I1001 13:02:33.490413 13988 net.cpp:165] Memory required for data: 7315200480
I1001 13:02:33.490417 13988 layer_factory.hpp:77] Creating layer pool3
I1001 13:02:33.490424 13988 net.cpp:100] Creating Layer pool3
I1001 13:02:33.490429 13988 net.cpp:434] pool3 <- conv3_3
I1001 13:02:33.490434 13988 net.cpp:408] pool3 -> pool3
I1001 13:02:33.490473 13988 net.cpp:150] Setting up pool3
I1001 13:02:33.490481 13988 net.cpp:157] Top shape: 40 256 38 38 (14786560)
I1001 13:02:33.490485 13988 net.cpp:165] Memory required for data: 7374346720
I1001 13:02:33.490490 13988 layer_factory.hpp:77] Creating layer conv4_1
I1001 13:02:33.490517 13988 net.cpp:100] Creating Layer conv4_1
I1001 13:02:33.490523 13988 net.cpp:434] conv4_1 <- pool3
I1001 13:02:33.490532 13988 net.cpp:408] conv4_1 -> conv4_1
I1001 13:02:33.507743 13988 net.cpp:150] Setting up conv4_1
I1001 13:02:33.507761 13988 net.cpp:157] Top shape: 40 512 38 38 (29573120)
I1001 13:02:33.507764 13988 net.cpp:165] Memory required for data: 7492639200
I1001 13:02:33.507772 13988 layer_factory.hpp:77] Creating layer relu4_1
I1001 13:02:33.507778 13988 net.cpp:100] Creating Layer relu4_1
I1001 13:02:33.507783 13988 net.cpp:434] relu4_1 <- conv4_1
I1001 13:02:33.507788 13988 net.cpp:395] relu4_1 -> conv4_1 (in-place)
I1001 13:02:33.507796 13988 net.cpp:150] Setting up relu4_1
I1001 13:02:33.507799 13988 net.cpp:157] Top shape: 40 512 38 38 (29573120)
I1001 13:02:33.507802 13988 net.cpp:165] Memory required for data: 7610931680
I1001 13:02:33.507805 13988 layer_factory.hpp:77] Creating layer conv4_2
I1001 13:02:33.507815 13988 net.cpp:100] Creating Layer conv4_2
I1001 13:02:33.507820 13988 net.cpp:434] conv4_2 <- conv4_1
I1001 13:02:33.507828 13988 net.cpp:408] conv4_2 -> conv4_2
I1001 13:02:33.540316 13988 net.cpp:150] Setting up conv4_2
I1001 13:02:33.540331 13988 net.cpp:157] Top shape: 40 512 38 38 (29573120)
I1001 13:02:33.540335 13988 net.cpp:165] Memory required for data: 7729224160
I1001 13:02:33.540349 13988 layer_factory.hpp:77] Creating layer relu4_2
I1001 13:02:33.540360 13988 net.cpp:100] Creating Layer relu4_2
I1001 13:02:33.540365 13988 net.cpp:434] relu4_2 <- conv4_2
I1001 13:02:33.540370 13988 net.cpp:395] relu4_2 -> conv4_2 (in-place)
I1001 13:02:33.540379 13988 net.cpp:150] Setting up relu4_2
I1001 13:02:33.540385 13988 net.cpp:157] Top shape: 40 512 38 38 (29573120)
I1001 13:02:33.540387 13988 net.cpp:165] Memory required for data: 7847516640
I1001 13:02:33.540393 13988 layer_factory.hpp:77] Creating layer conv4_3
I1001 13:02:33.540405 13988 net.cpp:100] Creating Layer conv4_3
I1001 13:02:33.540410 13988 net.cpp:434] conv4_3 <- conv4_2
I1001 13:02:33.540418 13988 net.cpp:408] conv4_3 -> conv4_3
I1001 13:02:33.572912 13988 net.cpp:150] Setting up conv4_3
I1001 13:02:33.572932 13988 net.cpp:157] Top shape: 40 512 38 38 (29573120)
I1001 13:02:33.572937 13988 net.cpp:165] Memory required for data: 7965809120
I1001 13:02:33.572945 13988 layer_factory.hpp:77] Creating layer relu4_3
I1001 13:02:33.572952 13988 net.cpp:100] Creating Layer relu4_3
I1001 13:02:33.572957 13988 net.cpp:434] relu4_3 <- conv4_3
I1001 13:02:33.572963 13988 net.cpp:395] relu4_3 -> conv4_3 (in-place)
I1001 13:02:33.572970 13988 net.cpp:150] Setting up relu4_3
I1001 13:02:33.572975 13988 net.cpp:157] Top shape: 40 512 38 38 (29573120)
I1001 13:02:33.572979 13988 net.cpp:165] Memory required for data: 8084101600
I1001 13:02:33.572983 13988 layer_factory.hpp:77] Creating layer pool4
I1001 13:02:33.572991 13988 net.cpp:100] Creating Layer pool4
I1001 13:02:33.572996 13988 net.cpp:434] pool4 <- conv4_3
I1001 13:02:33.573001 13988 net.cpp:408] pool4 -> pool4
I1001 13:02:33.573041 13988 net.cpp:150] Setting up pool4
I1001 13:02:33.573050 13988 net.cpp:157] Top shape: 40 512 19 19 (7393280)
I1001 13:02:33.573053 13988 net.cpp:165] Memory required for data: 8113674720
I1001 13:02:33.573056 13988 layer_factory.hpp:77] Creating layer conv5_1
I1001 13:02:33.573073 13988 net.cpp:100] Creating Layer conv5_1
I1001 13:02:33.573078 13988 net.cpp:434] conv5_1 <- pool4
I1001 13:02:33.573084 13988 net.cpp:408] conv5_1 -> conv5_1
I1001 13:02:33.605576 13988 net.cpp:150] Setting up conv5_1
I1001 13:02:33.605592 13988 net.cpp:157] Top shape: 40 512 19 19 (7393280)
I1001 13:02:33.605595 13988 net.cpp:165] Memory required for data: 8143247840
I1001 13:02:33.605605 13988 layer_factory.hpp:77] Creating layer relu5_1
I1001 13:02:33.605619 13988 net.cpp:100] Creating Layer relu5_1
I1001 13:02:33.605624 13988 net.cpp:434] relu5_1 <- conv5_1
I1001 13:02:33.605630 13988 net.cpp:395] relu5_1 -> conv5_1 (in-place)
I1001 13:02:33.605638 13988 net.cpp:150] Setting up relu5_1
I1001 13:02:33.605675 13988 net.cpp:157] Top shape: 40 512 19 19 (7393280)
I1001 13:02:33.605680 13988 net.cpp:165] Memory required for data: 8172820960
I1001 13:02:33.605684 13988 layer_factory.hpp:77] Creating layer conv5_2
I1001 13:02:33.605695 13988 net.cpp:100] Creating Layer conv5_2
I1001 13:02:33.605700 13988 net.cpp:434] conv5_2 <- conv5_1
I1001 13:02:33.605706 13988 net.cpp:408] conv5_2 -> conv5_2
I1001 13:02:33.638233 13988 net.cpp:150] Setting up conv5_2
I1001 13:02:33.638249 13988 net.cpp:157] Top shape: 40 512 19 19 (7393280)
I1001 13:02:33.638253 13988 net.cpp:165] Memory required for data: 8202394080
I1001 13:02:33.638262 13988 layer_factory.hpp:77] Creating layer relu5_2
I1001 13:02:33.638272 13988 net.cpp:100] Creating Layer relu5_2
I1001 13:02:33.638276 13988 net.cpp:434] relu5_2 <- conv5_2
I1001 13:02:33.638283 13988 net.cpp:395] relu5_2 -> conv5_2 (in-place)
I1001 13:02:33.638293 13988 net.cpp:150] Setting up relu5_2
I1001 13:02:33.638298 13988 net.cpp:157] Top shape: 40 512 19 19 (7393280)
I1001 13:02:33.638300 13988 net.cpp:165] Memory required for data: 8231967200
I1001 13:02:33.638306 13988 layer_factory.hpp:77] Creating layer conv5_3
I1001 13:02:33.638315 13988 net.cpp:100] Creating Layer conv5_3
I1001 13:02:33.638320 13988 net.cpp:434] conv5_3 <- conv5_2
I1001 13:02:33.638329 13988 net.cpp:408] conv5_3 -> conv5_3
I1001 13:02:33.670886 13988 net.cpp:150] Setting up conv5_3
I1001 13:02:33.670900 13988 net.cpp:157] Top shape: 40 512 19 19 (7393280)
I1001 13:02:33.670904 13988 net.cpp:165] Memory required for data: 8261540320
I1001 13:02:33.670913 13988 layer_factory.hpp:77] Creating layer relu5_3
I1001 13:02:33.670920 13988 net.cpp:100] Creating Layer relu5_3
I1001 13:02:33.670924 13988 net.cpp:434] relu5_3 <- conv5_3
I1001 13:02:33.670933 13988 net.cpp:395] relu5_3 -> conv5_3 (in-place)
I1001 13:02:33.670940 13988 net.cpp:150] Setting up relu5_3
I1001 13:02:33.670945 13988 net.cpp:157] Top shape: 40 512 19 19 (7393280)
I1001 13:02:33.670948 13988 net.cpp:165] Memory required for data: 8291113440
I1001 13:02:33.670951 13988 layer_factory.hpp:77] Creating layer pool5
I1001 13:02:33.670965 13988 net.cpp:100] Creating Layer pool5
I1001 13:02:33.670970 13988 net.cpp:434] pool5 <- conv5_3
I1001 13:02:33.670976 13988 net.cpp:408] pool5 -> pool5
I1001 13:02:33.671018 13988 net.cpp:150] Setting up pool5
I1001 13:02:33.671027 13988 net.cpp:157] Top shape: 40 512 10 10 (2048000)
I1001 13:02:33.671031 13988 net.cpp:165] Memory required for data: 8299305440
I1001 13:02:33.671034 13988 layer_factory.hpp:77] Creating layer fc6
I1001 13:02:33.671051 13988 net.cpp:100] Creating Layer fc6
I1001 13:02:33.671056 13988 net.cpp:434] fc6 <- pool5
I1001 13:02:33.671063 13988 net.cpp:408] fc6 -> fc6
I1001 13:02:33.674515 13988 net.cpp:150] Setting up fc6
I1001 13:02:33.674530 13988 net.cpp:157] Top shape: 40 5 (200)
I1001 13:02:33.674533 13988 net.cpp:165] Memory required for data: 8299306240
I1001 13:02:33.674540 13988 layer_factory.hpp:77] Creating layer fc6_fc6_0_split
I1001 13:02:33.674547 13988 net.cpp:100] Creating Layer fc6_fc6_0_split
I1001 13:02:33.674551 13988 net.cpp:434] fc6_fc6_0_split <- fc6
I1001 13:02:33.674556 13988 net.cpp:408] fc6_fc6_0_split -> fc6_fc6_0_split_0
I1001 13:02:33.674563 13988 net.cpp:408] fc6_fc6_0_split -> fc6_fc6_0_split_1
I1001 13:02:33.674599 13988 net.cpp:150] Setting up fc6_fc6_0_split
I1001 13:02:33.674607 13988 net.cpp:157] Top shape: 40 5 (200)
I1001 13:02:33.674612 13988 net.cpp:157] Top shape: 40 5 (200)
I1001 13:02:33.674615 13988 net.cpp:165] Memory required for data: 8299307840
I1001 13:02:33.674618 13988 layer_factory.hpp:77] Creating layer acc
I1001 13:02:33.674628 13988 net.cpp:100] Creating Layer acc
I1001 13:02:33.674633 13988 net.cpp:434] acc <- fc6_fc6_0_split_0
I1001 13:02:33.674638 13988 net.cpp:434] acc <- label_data_1_split_0
I1001 13:02:33.674648 13988 net.cpp:408] acc -> acc
I1001 13:02:33.674660 13988 net.cpp:150] Setting up acc
I1001 13:02:33.674666 13988 net.cpp:157] Top shape: (1)
I1001 13:02:33.674670 13988 net.cpp:165] Memory required for data: 8299307844
I1001 13:02:33.674695 13988 layer_factory.hpp:77] Creating layer loss
I1001 13:02:33.674706 13988 net.cpp:100] Creating Layer loss
I1001 13:02:33.674712 13988 net.cpp:434] loss <- fc6_fc6_0_split_1
I1001 13:02:33.674716 13988 net.cpp:434] loss <- label_data_1_split_1
I1001 13:02:33.674722 13988 net.cpp:408] loss -> loss
I1001 13:02:33.674741 13988 layer_factory.hpp:77] Creating layer loss
I1001 13:02:33.674839 13988 net.cpp:150] Setting up loss
I1001 13:02:33.674850 13988 net.cpp:157] Top shape: (1)
I1001 13:02:33.674854 13988 net.cpp:160]     with loss weight 1
I1001 13:02:33.674926 13988 net.cpp:165] Memory required for data: 8299307848
I1001 13:02:33.674931 13988 net.cpp:226] loss needs backward computation.
I1001 13:02:33.674937 13988 net.cpp:228] acc does not need backward computation.
I1001 13:02:33.674942 13988 net.cpp:226] fc6_fc6_0_split needs backward computation.
I1001 13:02:33.674945 13988 net.cpp:226] fc6 needs backward computation.
I1001 13:02:33.674948 13988 net.cpp:226] pool5 needs backward computation.
I1001 13:02:33.674952 13988 net.cpp:226] relu5_3 needs backward computation.
I1001 13:02:33.674955 13988 net.cpp:226] conv5_3 needs backward computation.
I1001 13:02:33.674958 13988 net.cpp:226] relu5_2 needs backward computation.
I1001 13:02:33.674962 13988 net.cpp:226] conv5_2 needs backward computation.
I1001 13:02:33.674964 13988 net.cpp:226] relu5_1 needs backward computation.
I1001 13:02:33.674968 13988 net.cpp:226] conv5_1 needs backward computation.
I1001 13:02:33.674973 13988 net.cpp:226] pool4 needs backward computation.
I1001 13:02:33.674976 13988 net.cpp:226] relu4_3 needs backward computation.
I1001 13:02:33.674980 13988 net.cpp:226] conv4_3 needs backward computation.
I1001 13:02:33.674985 13988 net.cpp:226] relu4_2 needs backward computation.
I1001 13:02:33.674988 13988 net.cpp:226] conv4_2 needs backward computation.
I1001 13:02:33.674991 13988 net.cpp:226] relu4_1 needs backward computation.
I1001 13:02:33.674995 13988 net.cpp:226] conv4_1 needs backward computation.
I1001 13:02:33.674998 13988 net.cpp:226] pool3 needs backward computation.
I1001 13:02:33.675004 13988 net.cpp:226] relu3_3 needs backward computation.
I1001 13:02:33.675006 13988 net.cpp:226] conv3_3 needs backward computation.
I1001 13:02:33.675010 13988 net.cpp:226] relu3_2 needs backward computation.
I1001 13:02:33.675015 13988 net.cpp:226] conv3_2 needs backward computation.
I1001 13:02:33.675019 13988 net.cpp:226] relu3_1 needs backward computation.
I1001 13:02:33.675022 13988 net.cpp:226] conv3_1 needs backward computation.
I1001 13:02:33.675025 13988 net.cpp:226] pool2 needs backward computation.
I1001 13:02:33.675030 13988 net.cpp:226] relu2_2 needs backward computation.
I1001 13:02:33.675034 13988 net.cpp:226] conv2_2 needs backward computation.
I1001 13:02:33.675037 13988 net.cpp:226] relu2_1 needs backward computation.
I1001 13:02:33.675041 13988 net.cpp:226] conv2_1 needs backward computation.
I1001 13:02:33.675045 13988 net.cpp:226] pool1 needs backward computation.
I1001 13:02:33.675050 13988 net.cpp:226] relu1_2 needs backward computation.
I1001 13:02:33.675053 13988 net.cpp:226] conv1_2 needs backward computation.
I1001 13:02:33.675057 13988 net.cpp:226] relu1_1 needs backward computation.
I1001 13:02:33.675060 13988 net.cpp:226] conv1_1 needs backward computation.
I1001 13:02:33.675065 13988 net.cpp:228] label_data_1_split does not need backward computation.
I1001 13:02:33.675071 13988 net.cpp:228] data does not need backward computation.
I1001 13:02:33.675073 13988 net.cpp:270] This network produces output acc
I1001 13:02:33.675076 13988 net.cpp:270] This network produces output loss
I1001 13:02:33.675109 13988 net.cpp:283] Network initialization done.
I1001 13:02:33.675222 13988 solver.cpp:60] Solver scaffolding done.
I1001 13:02:33.676029 13988 caffe.cpp:251] Starting Optimization
I1001 13:02:33.676039 13988 solver.cpp:279] Solving VGG16b
I1001 13:02:33.676043 13988 solver.cpp:280] Learning Rate Policy: inv
I1001 13:02:55.197677 13988 solver.cpp:228] Iteration 0, loss = 38.0795
I1001 13:02:55.197710 13988 solver.cpp:244]     Train net output #0: acc = 0.025
I1001 13:02:55.197744 13988 solver.cpp:244]     Train net output #1: loss = 36.9814 (* 1 = 36.9814 loss)
I1001 13:02:55.197793 13988 sgd_solver.cpp:106] Iteration 0, lr = 0.0003
*** Aborted at 1506859384 (unix time) try "date -d @1506859384" if you are using GNU date ***
PC: @     0x7ffe1a0d9a11 ([vdso]+0xa10)
*** SIGTERM (@0x61fe00003746) received by PID 13988 (TID 0x7fc08ca90b20) from PID 14150; stack trace: ***
    @       0x3e3620f7e0 (unknown)
    @     0x7ffe1a0d9a11 ([vdso]+0xa10)
    @       0x3e36603ea6 (unknown)
    @     0x7fc03a8e91de (unknown)
    @     0x7fc03a29e7ab (unknown)
    @     0x7fc03a27be33 (unknown)
    @     0x7fc03a273b71 (unknown)
    @     0x7fc03a2748c6 (unknown)
    @     0x7fc03a1e23e2 (unknown)
    @     0x7fc03a1e253a (unknown)
    @     0x7fc03a1c6005 cuMemcpy
    @     0x7fc0a6175482 (unknown)
    @     0x7fc0a6157db1 (unknown)
    @     0x7fc0a617b9b8 cudaMemcpy
    @     0x7fc0a66a8ace caffe::caffe_gpu_memcpy()
    @     0x7fc0a667246e caffe::SyncedMemory::to_gpu()
    @     0x7fc0a6671919 caffe::SyncedMemory::gpu_data()
    @     0x7fc0a667ad32 caffe::Blob<>::gpu_data()
    @     0x7fc0a65cc33d caffe::BaseConvolutionLayer<>::forward_gpu_bias()
    @     0x7fc0a66b4b51 caffe::ConvolutionLayer<>::Forward_gpu()
    @     0x7fc0a6689a65 caffe::Net<>::ForwardFromTo()
    @     0x7fc0a6689dd7 caffe::Net<>::Forward()
    @     0x7fc0a6521308 caffe::Solver<>::Step()
    @     0x7fc0a6521bb9 caffe::Solver<>::Solve()
    @           0x40b79a train()
    @           0x40f05c main
    @       0x3e3521ed5d (unknown)
    @           0x409051 (unknown)
./runCaffe.sh: line 1: 13988 Terminated              caffe train -gpu 1 -solver ConfFiles/solver.prototxt

real	0m33.894s
user	0m36.250s
sys	0m7.903s
